c:\users\peter\source\repos\clientwindow2\clientwindow2\debug\vc141.pdb
c:\users\peter\source\repos\clientwindow2\clientwindow2\debug\window.obj
c:\users\peter\source\repos\clientwindow2\clientwindow2\debug\secondpage.obj
c:\users\peter\source\repos\clientwindow2\clientwindow2\debug\easyclient.obj
c:\users\peter\source\repos\clientwindow2\clientwindow2\debug\.netframework,version=v4.6.1.assemblyattributes.obj
c:\users\peter\source\repos\clientwindow2\clientwindow2\debug\.netframework,version=v4.6.1.assemblyattributes.asm
c:\users\peter\source\repos\clientwindow2\clientwindow2\debug\clientwindow2.window.resources
c:\users\peter\source\repos\clientwindow2\debug\clientwindow2.exe
c:\users\peter\source\repos\clientwindow2\debug\clientwindow2.pdb
c:\users\peter\source\repos\clientwindow2\clientwindow2\debug\clientwindow2.vcxproj.generateresource.cache
c:\users\peter\source\repos\clientwindow2\clientwindow2\debug\clientwindow2.vcxprojassemblyreference.cache
c:\users\peter\source\repos\clientwindow2\clientwindow2\debug\clientwindow2.tlog\cl.command.1.tlog
c:\users\peter\source\repos\clientwindow2\clientwindow2\debug\clientwindow2.tlog\cl.read.1.tlog
c:\users\peter\source\repos\clientwindow2\clientwindow2\debug\clientwindow2.tlog\cl.write.1.tlog
c:\users\peter\source\repos\clientwindow2\clientwindow2\debug\clientwindow2.tlog\clientwindow2.write.1u.tlog
c:\users\peter\source\repos\clientwindow2\clientwindow2\debug\clientwindow2.tlog\link.command.1.tlog
c:\users\peter\source\repos\clientwindow2\clientwindow2\debug\clientwindow2.tlog\link.read.1.tlog
c:\users\peter\source\repos\clientwindow2\clientwindow2\debug\clientwindow2.tlog\link.write.1.tlog
c:\users\peter\source\repos\clientwindow2\clientwindow2\debug\clientwindow2.tlog\metagen.read.1.tlog
c:\users\peter\source\repos\clientwindow2\clientwindow2\debug\clientwindow2.tlog\metagen.write.1.tlog
